[INFO] 12:44:17:873 PROCESS_TP0/(2270:2270): Soy un Log
[INFO] 12:51:35:671 PROCESS_TP0/(2569:2569): Soy un Log
[INFO] 12:53:04:920 PROCESS_TP0/(2644:2644): Soy un Log
[INFO] 12:54:09:810 PROCESS_TP0/(2742:2742): Soy un Log
[INFO] 12:58:52:152 PROCESS_TP0/(2959:2959): Soy un Log
[INFO] 13:01:32:303 PROCESS_TP0/(3022:3022): Soy un Log
[INFO] 13:04:09:423 PROCESS_TP0/(3284:3284): Soy un Log
[INFO] 13:04:43:682 PROCESS_TP0/(3383:3383): Soy un Log
[INFO] 13:05:19:918 PROCESS_TP0/(3433:3433): Soy un Log
[INFO] 13:06:43:290 PROCESS_TP0/(3498:3498): Soy un Log
[INFO] 13:06:43:300 PROCESS_TP0/(3498:3498): valor
[INFO] 13:09:45:996 PROCESS_TP0/(3812:3812): Soy un Log
[INFO] 13:09:46:005 PROCESS_TP0/(3812:3812): valor
[INFO] 13:31:59:591 PROCESS_TP0/(4737:4737): Soy un Log
[INFO] 13:31:59:598 PROCESS_TP0/(4737:4737): valor
[INFO] 13:32:03:672 PROCESS_TP0/(4737:4737): linea1
[INFO] 13:32:10:242 PROCESS_TP0/(4737:4737): linea2
[INFO] 13:32:12:010 PROCESS_TP0/(4737:4737): 
[INFO] 13:32:36:217 PROCESS_TP0/(4801:4801): Soy un Log
[INFO] 13:32:36:224 PROCESS_TP0/(4801:4801): valor
[INFO] 13:32:41:388 PROCESS_TP0/(4801:4801): leido1
[INFO] 13:32:45:026 PROCESS_TP0/(4801:4801): 
[INFO] 13:33:29:524 PROCESS_TP0/(4855:4855): Soy un Log
[INFO] 13:33:29:532 PROCESS_TP0/(4855:4855): valor
[INFO] 13:33:32:590 PROCESS_TP0/(4855:4855): linea1
[INFO] 13:33:33:628 PROCESS_TP0/(4855:4855): 
[INFO] 13:33:57:004 PROCESS_TP0/(4916:4916): Soy un Log
[INFO] 13:33:57:008 PROCESS_TP0/(4916:4916): valor
[INFO] 13:33:58:420 PROCESS_TP0/(4916:4916): linea
[INFO] 13:33:58:877 PROCESS_TP0/(4916:4916): 
[INFO] 13:34:52:420 PROCESS_TP0/(4962:4962): Soy un Log
[INFO] 13:34:52:425 PROCESS_TP0/(4962:4962): valor
[INFO] 13:34:54:239 PROCESS_TP0/(4962:4962): linea
[INFO] 13:34:56:725 PROCESS_TP0/(4962:4962): 
[INFO] 13:10:36:386 PROCESS_TP0/(2152:2152): Soy un Log
[INFO] 13:10:36:402 PROCESS_TP0/(2152:2152): valor
[INFO] 13:10:43:956 PROCESS_TP0/(2152:2152): 
[INFO] 14:54:51:914 PROCESS_TP0/(3808:3808): Soy un Log
[INFO] 14:54:51:915 PROCESS_TP0/(3808:3808): valor
[INFO] 14:55:06:440 PROCESS_TP0/(3808:3808): 
